✅ Submitted HOH_angle_step01.com → Job ID 1569220 (partition=test)
⚠️ Primary 'test' full (1/1), skipping.
⏳ Waiting 10s before retrying submissions…
✅ Submitted HOH_angle_step02.com → Job ID 1569221 (partition=test)
⚠️ Primary 'test' full (1/1), skipping.
⏳ Waiting 10s before retrying submissions…
✅ Submitted HOH_angle_step03.com → Job ID 1569222 (partition=test)
⚠️ Primary 'test' full (1/1), skipping.
⏳ Waiting 10s before retrying submissions…
✅ Submitted HOH_angle_step04.com → Job ID 1569224 (partition=test)
⚠️ Primary 'test' full (1/1), skipping.
⏳ Waiting 10s before retrying submissions…
✅ Submitted HOH_angle_step05.com → Job ID 1569226 (partition=test)
⚠️ Primary 'test' full (1/1), skipping.
⏳ Waiting 10s before retrying submissions…
✅ Submitted HOH_angle_step06.com → Job ID 1569227 (partition=test)
⚠️ Primary 'test' full (1/1), skipping.
⏳ Waiting 10s before retrying submissions…
✅ Submitted HOH_angle_step07.com → Job ID 1569228 (partition=test)
⚠️ Primary 'test' full (1/1), skipping.
⏳ Waiting 10s before retrying submissions…
✅ Submitted HOH_angle_step08.com → Job ID 1569229 (partition=test)
⚠️ Primary 'test' full (1/1), skipping.
⏳ Waiting 10s before retrying submissions…
✅ Submitted HOH_angle_step09.com → Job ID 1569230 (partition=test)
⏳ Waiting for 9 batch jobs …
✅ 9 batch jobs done.
