 Ground .com: H2-ES
 Excited .com: H2-GS
 FC .com: H2-ES_fc
✅ Submitted H2-ES.com → Job ID 1560608 (partition=medium)
✅ Submitted H2-GS.com → Job ID 1560609 (partition=medium)
⏳ Waiting for GS and ES to finish...
⏳ Waiting for GS …
✅ GS done.
⏳ Waiting for ES …
✅ ES done.
✅ Submitted H2-ES_fc.com → Job ID 1560610 (partition=medium)
⏳ Waiting for FC to finish...
⏳ Waiting for FC …
✅ FC done.
✅ Job chain complete.
 Ground .com: H2-GS
 Excited .com: H2-ES
 FC .com: H2-ES_fc
✅ Submitted H2-GS.com → Job ID 1560614 (partition=cenvalarc.bigmem)
✅ Submitted H2-ES.com → Job ID 1560615 (partition=cenvalarc.bigmem)
⏳ Waiting for GS and ES to finish...
⏳ Waiting for GS …
✅ GS done.
⏳ Waiting for ES …
✅ ES done.
✅ Submitted H2-ES_fc.com → Job ID 1560619 (partition=cenvalarc.bigmem)
⏳ Waiting for FC to finish...
⏳ Waiting for FC …
✅ FC done.
✅ Job chain complete.
